#
# A fatal error has been detected by the Java Runtime Environment:
#
#  EXCEPTION_ACCESS_VIOLATION (0xc0000005) at pc=0x00000000535abb17, pid=9540, tid=16176
#
# JRE version: Java(TM) SE Runtime Environment (9.0+11) (build 9.0.4+11)
# Java VM: Java HotSpot(TM) 64-Bit Server VM (9.0.4+11, mixed mode, tiered, compressed oops, g1 gc, windows-amd64)
# Problematic frame:
# V  [jvm.dll+0x35bb17]
#
# No core dump will be written. Minidumps are not enabled by default on client versions of Windows
#
# If you would like to submit a bug report, please visit:
#   http://bugreport.java.com/bugreport/crash.jsp
# The crash happened outside the Java Virtual Machine in native code.
# See problematic frame for where to report the bug.
#

---------------  S U M M A R Y ------------

Command Line: -XX:TieredStopAtLevel=1 -Xverify:none -Dspring.output.ansi.enabled=always -Dcom.sun.management.jmxremote -Dspring.jmx.enabled=true -Dspring.liveBeansView.mbeanDomain -Dspring.application.admin.enabled=true -javaagent:C:\Program Files\JetBrains\IntelliJ IDEA 2022.1\lib\idea_rt.jar=59067:C:\Program Files\JetBrains\IntelliJ IDEA 2022.1\bin -agentpath:C:\Users\swchu\AppData\Local\Temp\libasyncProfiler.dll=start,jfr,libdia=C:\Users\swchu\AppData\Local\Temp\idea_msdia140_dll_temp_folder\msdia140.dll,event=cpu,interval=1ms,jfrsync=profile,file=C:\Users\swchu\Springboot0419Application_2022_04_19_130349.jfr -Dfile.encoding=UTF-8 com.green.computer.Springboot0419Application

Host: 11th Gen Intel(R) Core(TM) i5-1135G7 @ 2.40GHz, 8 cores, 15G,  Windows 10 , 64 bit Build 19041 (10.0.19041.1645)
Time: Tue Apr 19 13:03:50 2022 ¢¥eCN©öI¡¾©ö C¡ÍA¨ª¨öA elapsed time: 0 seconds (0d 0h 0m 0s)

---------------  T H R E A D  ---------------

Current thread (0x000001fe9594d000):  JavaThread "main" [_thread_in_native, id=16176, stack(0x00000069d6500000,0x00000069d6600000)]

Stack: [0x00000069d6500000,0x00000069d6600000],  sp=0x00000069d65fc928,  free space=1010k
Native frames: (J=compiled Java code, j=interpreted, Vv=VM code, C=native code)
V  [jvm.dll+0x35bb17]

Java frames: (J=compiled Java code, j=interpreted, Vv=VM code)
j  jdk.jfr.internal.JVM.setMemorySize(J)V+0 jdk.jfr@9.0.4
j  jdk.jfr.internal.Options.setMemorySize(J)V+4 jdk.jfr@9.0.4
j  jdk.jfr.internal.Options.reset()V+9 jdk.jfr@9.0.4
j  jdk.jfr.internal.Options.<clinit>()V+38 jdk.jfr@9.0.4
v  ~StubRoutines::call_stub
j  jdk.jfr.internal.JVM.<clinit>()V+55 jdk.jfr@9.0.4
v  ~StubRoutines::call_stub
j  jdk.jfr.internal.JVMSupport.checkAvailability()Z+16 jdk.jfr@9.0.4
j  jdk.jfr.internal.JVMSupport.<clinit>()V+0 jdk.jfr@9.0.4
v  ~StubRoutines::call_stub
j  jdk.jfr.FlightRecorder.addListener(Ljdk/jfr/FlightRecorderListener;)V+8 jdk.jfr@9.0.4
j  one.profiler.JfrSync.<clinit>()V+7
v  ~StubRoutines::call_stub

siginfo: EXCEPTION_ACCESS_VIOLATION (0xc0000005), writing address 0x0000000000000030


Register to memory mapping:

RIP=0x00000000535abb17 jvm.dll
RAX=0x0000000000000000 is an unknown value
RBX={method} {0x000001febf0f25c0} 'setMemorySize' '(J)V' in 'jdk/jfr/internal/JVM'
RCX=0x000001fe9594d218 is an unknown value
RDX=0x00000069d65fc9e8 is pointing into the stack for thread: 0x000001fe9594d000
RSP=0x00000069d65fc928 is pointing into the stack for thread: 0x000001fe9594d000
RBP=0x00000069d65fc9b8 is pointing into the stack for thread: 0x000001fe9594d000
RSI=0x000001fea2860c57 is at begin+0 in a stub
StubRoutines::call_stub [0x000001fea2860c57, 0x000001fea2860dc1[ (362 bytes)
RDI=0x000001fea286b603 is at code_begin+2307 in an Interpreter codelet
invoke return entry points  [0x000001fea286ad00, 0x000001fea286b6e0]  2528 bytes
R8 =0x0000000000a00000 is an unknown value
R9 =0x000001fe958b6710 is an unknown value
R10=0x000001fea28791f0 is at code_begin+976 in an Interpreter codelet
method entry point (kind = native)  [0x000001fea2878e20, 0x000001fea2879980]  2912 bytes
R11=0x0000000000000101 is an unknown value
R12=0x0000000000000000 is an unknown value
R13=0x000001febf0f25b0 is pointing into metadata
R14=0x00000069d65fc9e8 is pointing into the stack for thread: 0x000001fe9594d000
R15=0x000001fe9594d000 is a thread


Registers:
RAX=0x0000000000000000, RBX=0x000001febf0f25b8, RCX=0x000001fe9594d218, RDX=0x00000069d65fc9e8
RSP=0x00000069d65fc928, RBP=0x00000069d65fc9b8, RSI=0x000001fea2860c57, RDI=0x000001fea286b603
R8 =0x0000000000a00000, R9 =0x000001fe958b6710, R10=0x000001fea28791f0, R11=0x0000000000000101
R12=0x0000000000000000, R13=0x000001febf0f25b0, R14=0x00000069d65fc9e8, R15=0x000001fe9594d000
RIP=0x00000000535abb17, EFLAGS=0x0000000000010287

Top of Stack: (sp=0x00000069d65fc928)
0x00000069d65fc928:   000001fea287921c 000001fea286b603
0x00000069d65fc938:   000001fea2878f16 000001fe9594d000
0x00000069d65fc948:   000001febf0f25b8 000001fea2860c57
0x00000069d65fc958:   0000000000000000 000001fea286b603
0x00000069d65fc968:   000001fea2878ed3 00000069d65fc970
0x00000069d65fc978:   000001febf0f25b0 00000069d65fc9e8
0x00000069d65fc988:   000001febf0f3bf8 0000000000000000
0x00000069d65fc998:   00000006d3620090 000001febf0f25b8
0x00000069d65fc9a8:   0000000000000000 00000069d65fc9d8
0x00000069d65fc9b8:   00000069d65fca48 000001fea286b603
0x00000069d65fc9c8:   0000000000000000 000001fea2876118
0x00000069d65fc9d8:   0000000000a00000 0000000000000000
0x00000069d65fc9e8:   00000006d3620120 0000000000000000
0x00000069d65fc9f8:   00000006d3621ea0 00000069d65fc9f0
0x00000069d65fca08:   000001febf0f569c 00000069d65fca60
0x00000069d65fca18:   000001febf0f6338 0000000000000000 

Instructions: (pc=0x00000000535abb17)
0x00000000535abaf7:   4c 89 40 38 c3 cc cc cc cc 48 8b 05 a1 c8 5f 00
0x00000000535abb07:   4c 89 40 20 c3 cc cc cc cc 48 8b 05 91 c8 5f 00
0x00000000535abb17:   4c 89 40 30 c3 cc cc cc cc 48 89 5c 24 08 48 89
0x00000000535abb27:   74 24 10 57 48 83 ec 20 8b 0d 0f 85 63 00 65 48 



---------------  P R O C E S S  ---------------

Java Threads: ( => current thread )
  0x000001febf9f7000 JavaThread "Monitor Ctrl-Break" daemon [_thread_in_native, id=12384, stack(0x00000069d8500000,0x00000069d8600000)]
  0x000001febf5a9800 JavaThread "Common-Cleaner" daemon [_thread_blocked, id=12052, stack(0x00000069d8400000,0x00000069d8500000)]
  0x000001febf516000 JavaThread "Sweeper thread" daemon [_thread_blocked, id=12700, stack(0x00000069d8300000,0x00000069d8400000)]
  0x000001febf512000 JavaThread "C1 CompilerThread3" daemon [_thread_blocked, id=16964, stack(0x00000069d8200000,0x00000069d8300000)]
  0x000001febf510800 JavaThread "C1 CompilerThread2" daemon [_thread_blocked, id=1084, stack(0x00000069d8100000,0x00000069d8200000)]
  0x000001febf50d800 JavaThread "C1 CompilerThread1" daemon [_thread_blocked, id=1316, stack(0x00000069d8000000,0x00000069d8100000)]
  0x000001febf50c800 JavaThread "C1 CompilerThread0" daemon [_thread_blocked, id=17824, stack(0x00000069d7f00000,0x00000069d8000000)]
  0x000001febf50b000 JavaThread "Attach Listener" daemon [_thread_blocked, id=14480, stack(0x00000069d7e00000,0x00000069d7f00000)]
  0x000001febc21e800 JavaThread "Signal Dispatcher" daemon [_thread_blocked, id=4780, stack(0x00000069d7d00000,0x00000069d7e00000)]
  0x000001febf4b4800 JavaThread "Finalizer" daemon [_thread_blocked, id=14884, stack(0x00000069d7c00000,0x00000069d7d00000)]
  0x000001febf4a1000 JavaThread "Reference Handler" daemon [_thread_blocked, id=16772, stack(0x00000069d7b00000,0x00000069d7c00000)]
=>0x000001fe9594d000 JavaThread "main" [_thread_in_native, id=16176, stack(0x00000069d6500000,0x00000069d6600000)]

Other Threads:
  0x000001febf49b800 VMThread "VM Thread" [stack: 0x00000069d7a00000,0x00000069d7b00000] [id=5812]
  0x000001fe98179800 GCTaskThread "GC Thread#0" [stack: 0x00000069d6600000,0x00000069d6700000] [id=14204]
  0x000001fe9817a800 GCTaskThread "GC Thread#1" [stack: 0x00000069d6700000,0x00000069d6800000] [id=12528]
  0x000001fe9817d000 GCTaskThread "GC Thread#2" [stack: 0x00000069d6800000,0x00000069d6900000] [id=13008]
  0x000001fe9817e000 GCTaskThread "GC Thread#3" [stack: 0x00000069d6900000,0x00000069d6a00000] [id=12576]
  0x000001fe98182000 GCTaskThread "GC Thread#4" [stack: 0x00000069d6a00000,0x00000069d6b00000] [id=4852]
  0x000001fe98183800 GCTaskThread "GC Thread#5" [stack: 0x00000069d6b00000,0x00000069d6c00000] [id=14828]
  0x000001fe98187800 GCTaskThread "GC Thread#6" [stack: 0x00000069d6c00000,0x00000069d6d00000] [id=16052]
  0x000001fe98189000 GCTaskThread "GC Thread#7" [stack: 0x00000069d6d00000,0x00000069d6e00000] [id=9128]
  0x000001fe98200800 ConcurrentGCThread "G1 Main Marker" [stack: 0x00000069d7700000,0x00000069d7800000] [id=5964]
  0x000001fe98201000 ConcurrentGCThread "G1 Marker#0" [stack: 0x00000069d7800000,0x00000069d7900000] [id=15796]
  0x000001fe98201800 ConcurrentGCThread "G1 Marker#1" [stack: 0x00000069d7900000,0x00000069d7a00000] [id=18412]
  0x000001fe98197000 ConcurrentGCThread "G1 Refine#0" [stack: 0x00000069d7500000,0x00000069d7600000] [id=17000]
  0x000001fe98195800 ConcurrentGCThread "G1 Refine#1" [stack: 0x00000069d7400000,0x00000069d7500000] [id=10664]
  0x000001fe98199000 ConcurrentGCThread "G1 Refine#2" [stack: 0x00000069d7300000,0x00000069d7400000] [id=4472]
  0x000001fe9819a800 ConcurrentGCThread "G1 Refine#3" [stack: 0x00000069d7200000,0x00000069d7300000] [id=14116]
  0x000001fe98199800 ConcurrentGCThread "G1 Refine#4" [stack: 0x00000069d7100000,0x00000069d7200000] [id=14476]
  0x000001fe9819c800 ConcurrentGCThread "G1 Refine#5" [stack: 0x00000069d7000000,0x00000069d7100000] [id=10528]
  0x000001fe98197800 ConcurrentGCThread "G1 Refine#6" [stack: 0x00000069d6f00000,0x00000069d7000000] [id=6288]
  0x000001fe98194800 ConcurrentGCThread "G1 Refine#7" [stack: 0x00000069d6e00000,0x00000069d6f00000] [id=3216]
  0x000001fe981be800 ConcurrentGCThread "G1 Young RemSet Sampling" [stack: 0x00000069d7600000,0x00000069d7700000] [id=16728]

Threads with active compile tasks:

VM state:not at safepoint (normal execution)

VM Mutex/Monitor currently owned by a thread: None

Heap address: 0x00000006c4400000, size: 4028 MB, Compressed Oops mode: Zero based, Oop shift amount: 3
Narrow klass base: 0x0000000000000000, Narrow klass shift: 3
Compressed class space size: 1073741824 Address: 0x00000007c0000000

Heap:
 garbage-first heap   total 258048K, used 10240K [0x00000006c4400000, 0x00000006c45007e0, 0x00000007c0000000)
  region size 1024K, 10 young (10240K), 0 survivors (0K)
 Metaspace       used 5986K, capacity 6052K, committed 6272K, reserved 1056768K
  class space    used 528K, capacity 563K, committed 640K, reserved 1048576K
Heap Regions: E=young(eden), S=young(survivor), O=old, HS=humongous(starts), HC=humongous(continues), CS=collection set, F=free, A=archive, TS=gc time stamp, AC=allocation context, TAMS=top-at-mark-start (previous, next)
|   0|0x00000006c4400000, 0x00000006c4500000, 0x00000006c4500000|100%|HS|  |TS  0|AC  0|TAMS 0x00000006c4400000, 0x00000006c4400000|
|   1|0x00000006c4500000, 0x00000006c4500000, 0x00000006c4600000|  0%| F|  |TS  0|AC  0|TAMS 0x00000006c4500000, 0x00000006c4500000|
|   2|0x00000006c4600000, 0x00000006c4600000, 0x00000006c4700000|  0%| F|  |TS  0|AC  0|TAMS 0x00000006c4600000, 0x00000006c4600000|
|   3|0x00000006c4700000, 0x00000006c4700000, 0x00000006c4800000|  0%| F|  |TS  0|AC  0|TAMS 0x00000006c4700000, 0x00000006c4700000|
|   4|0x00000006c4800000, 0x00000006c4800000, 0x00000006c4900000|  0%| F|  |TS  0|AC  0|TAMS 0x00000006c4800000, 0x00000006c4800000|
|   5|0x00000006c4900000, 0x00000006c4900000, 0x00000006c4a00000|  0%| F|  |TS  0|AC  0|TAMS 0x00000006c4900000, 0x00000006c4900000|
|   6|0x00000006c4a00000, 0x00000006c4a00000, 0x00000006c4b00000|  0%| F|  |TS  0|AC  0|TAMS 0x00000006c4a00000, 0x00000006c4a00000|
|   7|0x00000006c4b00000, 0x00000006c4b00000, 0x00000006c4c00000|  0%| F|  |TS  0|AC  0|TAMS 0x00000006c4b00000, 0x00000006c4b00000|
|   8|0x00000006c4c00000, 0x00000006c4c00000, 0x00000006c4d00000|  0%| F|  |TS  0|AC  0|TAMS 0x00000006c4c00000, 0x00000006c4c00000|
|   9|0x00000006c4d00000, 0x00000006c4d00000, 0x00000006c4e00000|  0%| F|  |TS  0|AC  0|TAMS 0x00000006c4d00000, 0x00000006c4d00000|
|  10|0x00000006c4e00000, 0x00000006c4e00000, 0x00000006c4f00000|  0%| F|  |TS  0|AC  0|TAMS 0x00000006c4e00000, 0x00000006c4e00000|
|  11|0x00000006c4f00000, 0x00000006c4f00000, 0x00000006c5000000|  0%| F|  |TS  0|AC  0|TAMS 0x00000006c4f00000, 0x00000006c4f00000|
|  12|0x00000006c5000000, 0x00000006c5000000, 0x00000006c5100000|  0%| F|  |TS  0|AC  0|TAMS 0x00000006c5000000, 0x00000006c5000000|
|  13|0x00000006c5100000, 0x00000006c5100000, 0x00000006c5200000|  0%| F|  |TS  0|AC  0|TAMS 0x00000006c5100000, 0x00000006c5100000|
|  14|0x00000006c5200000, 0x00000006c5200000, 0x00000006c5300000|  0%| F|  |TS  0|AC  0|TAMS 0x00000006c5200000, 0x00000006c5200000|
|  15|0x00000006c5300000, 0x00000006c5300000, 0x00000006c5400000|  0%| F|  |TS  0|AC  0|TAMS 0x00000006c5300000, 0x00000006c5300000|
|  16|0x00000006c5400000, 0x00000006c5400000, 0x00000006c5500000|  0%| F|  |TS  0|AC  0|TAMS 0x00000006c5400000, 0x00000006c5400000|
|  17|0x00000006c5500000, 0x00000006c5500000, 0x00000006c5600000|  0%| F|  |TS  0|AC  0|TAMS 0x00000006c5500000, 0x00000006c5500000|
|  18|0x00000006c5600000, 0x00000006c5600000, 0x00000006c5700000|  0%| F|  |TS  0|AC  0|TAMS 0x00000006c5600000, 0x00000006c5600000|
|  19|0x00000006c5700000, 0x00000006c5700000, 0x00000006c5800000|  0%| F|  |TS  0|AC  0|TAMS 0x00000006c5700000, 0x00000006c5700000|
|  20|0x00000006c5800000, 0x00000006c5800000, 0x00000006c5900000|  0%| F|  |TS  0|AC  0|TAMS 0x00000006c5800000, 0x00000006c5800000|
|  21|0x00000006c5900000, 0x00000006c5900000, 0x00000006c5a00000|  0%| F|  |TS  0|AC  0|TAMS 0x00000006c5900000, 0x00000006c5900000|
|  22|0x00000006c5a00000, 0x00000006c5a00000, 0x00000006c5b00000|  0%| F|  |TS  0|AC  0|TAMS 0x00000006c5a00000, 0x00000006c5a00000|
|  23|0x00000006c5b00000, 0x00000006c5b00000, 0x00000006c5c00000|  0%| F|  |TS  0|AC  0|TAMS 0x00000006c5b00000, 0x00000006c5b00000|
|  24|0x00000006c5c00000, 0x00000006c5c00000, 0x00000006c5d00000|  0%| F|  |TS  0|AC  0|TAMS 0x00000006c5c00000, 0x00000006c5c00000|
|  25|0x00000006c5d00000, 0x00000006c5d00000, 0x00000006c5e00000|  0%| F|  |TS  0|AC  0|TAMS 0x00000006c5d00000, 0x00000006c5d00000|
|  26|0x00000006c5e00000, 0x00000006c5e00000, 0x00000006c5f00000|  0%| F|  |TS  0|AC  0|TAMS 0x00000006c5e00000, 0x00000006c5e00000|
|  27|0x00000006c5f00000, 0x00000006c5f00000, 0x00000006c6000000|  0%| F|  |TS  0|AC  0|TAMS 0x00000006c5f00000, 0x00000006c5f00000|
|  28|0x00000006c6000000, 0x00000006c6000000, 0x00000006c6100000|  0%| F|  |TS  0|AC  0|TAMS 0x00000006c6000000, 0x00000006c6000000|
|  29|0x00000006c6100000, 0x00000006c6100000, 0x00000006c6200000|  0%| F|  |TS  0|AC  0|TAMS 0x00000006c6100000, 0x00000006c6100000|
|  30|0x00000006c6200000, 0x00000006c6200000, 0x00000006c6300000|  0%| F|  |TS  0|AC  0|TAMS 0x00000006c6200000, 0x00000006c6200000|
|  31|0x00000006c6300000, 0x00000006c6300000, 0x00000006c6400000|  0%| F|  |TS  0|AC  0|TAMS 0x00000006c6300000, 0x00000006c6300000|
|  32|0x00000006c6400000, 0x00000006c6400000, 0x00000006c6500000|  0%| F|  |TS  0|AC  0|TAMS 0x00000006c6400000, 0x00000006c6400000|
|  33|0x00000006c6500000, 0x00000006c6500000, 0x00000006c6600000|  0%| F|  |TS  0|AC  0|TAMS 0x00000006c6500000, 0x00000006c6500000|
|  34|0x00000006c6600000, 0x00000006c6600000, 0x00000006c6700000|  0%| F|  |TS  0|AC  0|TAMS 0x00000006c6600000, 0x00000006c6600000|
|  35|0x00000006c6700000, 0x00000006c6700000, 0x00000006c6800000|  0%| F|  |TS  0|AC  0|TAMS 0x00000006c6700000, 0x00000006c6700000|
|  36|0x00000006c6800000, 0x00000006c6800000, 0x00000006c6900000|  0%| F|  |TS  0|AC  0|TAMS 0x00000006c6800000, 0x00000006c6800000|
|  37|0x00000006c6900000, 0x00000006c6900000, 0x00000006c6a00000|  0%| F|  |TS  0|AC  0|TAMS 0x00000006c6900000, 0x00000006c6900000|
|  38|0x00000006c6a00000, 0x00000006c6a00000, 0x00000006c6b00000|  0%| F|  |TS  0|AC  0|TAMS 0x00000006c6a00000, 0x00000006c6a00000|
|  39|0x00000006c6b00000, 0x00000006c6b00000, 0x00000006c6c00000|  0%| F|  |TS  0|AC  0|TAMS 0x00000006c6b00000, 0x00000006c6b00000|
|  40|0x00000006c6c00000, 0x00000006c6c00000, 0x00000006c6d00000|  0%| F|  |TS  0|AC  0|TAMS 0x00000006c6c00000, 0x00000006c6c00000|
|  41|0x00000006c6d00000, 0x00000006c6d00000, 0x00000006c6e00000|  0%| F|  |TS  0|AC  0|TAMS 0x00000006c6d00000, 0x00000006c6d00000|
|  42|0x00000006c6e00000, 0x00000006c6e00000, 0x00000006c6f00000|  0%| F|  |TS  0|AC  0|TAMS 0x00000006c6e00000, 0x00000006c6e00000|
|  43|0x00000006c6f00000, 0x00000006c6f00000, 0x00000006c7000000|  0%| F|  |TS  0|AC  0|TAMS 0x00000006c6f00000, 0x00000006c6f00000|
|  44|0x00000006c7000000, 0x00000006c7000000, 0x00000006c7100000|  0%| F|  |TS  0|AC  0|TAMS 0x00000006c7000000, 0x00000006c7000000|
|  45|0x00000006c7100000, 0x00000006c7100000, 0x00000006c7200000|  0%| F|  |TS  0|AC  0|TAMS 0x00000006c7100000, 0x00000006c7100000|
|  46|0x00000006c7200000, 0x00000006c7200000, 0x00000006c7300000|  0%| F|  |TS  0|AC  0|TAMS 0x00000006c7200000, 0x00000006c7200000|
|  47|0x00000006c7300000, 0x00000006c7300000, 0x00000006c7400000|  0%| F|  |TS  0|AC  0|TAMS 0x00000006c7300000, 0x00000006c7300000|
|  48|0x00000006c7400000, 0x00000006c7400000, 0x00000006c7500000|  0%| F|  |TS  0|AC  0|TAMS 0x00000006c7400000, 0x00000006c7400000|
|  49|0x00000006c7500000, 0x00000006c7500000, 0x00000006c7600000|  0%| F|  |TS  0|AC  0|TAMS 0x00000006c7500000, 0x00000006c7500000|
|  50|0x00000006c7600000, 0x00000006c7600000, 0x00000006c7700000|  0%| F|  |TS  0|AC  0|TAMS 0x00000006c7600000, 0x00000006c7600000|
|  51|0x00000006c7700000, 0x00000006c7700000, 0x00000006c7800000|  0%| F|  |TS  0|AC  0|TAMS 0x00000006c7700000, 0x00000006c7700000|
|  52|0x00000006c7800000, 0x00000006c7800000, 0x00000006c7900000|  0%| F|  |TS  0|AC  0|TAMS 0x00000006c7800000, 0x00000006c7800000|
|  53|0x00000006c7900000, 0x00000006c7900000, 0x00000006c7a00000|  0%| F|  |TS  0|AC  0|TAMS 0x00000006c7900000, 0x00000006c7900000|
|  54|0x00000006c7a00000, 0x00000006c7a00000, 0x00000006c7b00000|  0%| F|  |TS  0|AC  0|TAMS 0x00000006c7a00000, 0x00000006c7a00000|
|  55|0x00000006c7b00000, 0x00000006c7b00000, 0x00000006c7c00000|  0%| F|  |TS  0|AC  0|TAMS 0x00000006c7b00000, 0x00000006c7b00000|
|  56|0x00000006c7c00000, 0x00000006c7c00000, 0x00000006c7d00000|  0%| F|  |TS  0|AC  0|TAMS 0x00000006c7c00000, 0x00000006c7c00000|
|  57|0x00000006c7d00000, 0x00000006c7d00000, 0x00000006c7e00000|  0%| F|  |TS  0|AC  0|TAMS 0x00000006c7d00000, 0x00000006c7d00000|
|  58|0x00000006c7e00000, 0x00000006c7e00000, 0x00000006c7f00000|  0%| F|  |TS  0|AC  0|TAMS 0x00000006c7e00000, 0x00000006c7e00000|
|  59|0x00000006c7f00000, 0x00000006c7f00000, 0x00000006c8000000|  0%| F|  |TS  0|AC  0|TAMS 0x00000006c7f00000, 0x00000006c7f00000|
|  60|0x00000006c8000000, 0x00000006c8000000, 0x00000006c8100000|  0%| F|  |TS  0|AC  0|TAMS 0x00000006c8000000, 0x00000006c8000000|
|  61|0x00000006c8100000, 0x00000006c8100000, 0x00000006c8200000|  0%| F|  |TS  0|AC  0|TAMS 0x00000006c8100000, 0x00000006c8100000|
|  62|0x00000006c8200000, 0x00000006c8200000, 0x00000006c8300000|  0%| F|  |TS  0|AC  0|TAMS 0x00000006c8200000, 0x00000006c8200000|
|  63|0x00000006c8300000, 0x00000006c8300000, 0x00000006c8400000|  0%| F|  |TS  0|AC  0|TAMS 0x00000006c8300000, 0x00000006c8300000|
|  64|0x00000006c8400000, 0x00000006c8400000, 0x00000006c8500000|  0%| F|  |TS  0|AC  0|TAMS 0x00000006c8400000, 0x00000006c8400000|
|  65|0x00000006c8500000, 0x00000006c8500000, 0x00000006c8600000|  0%| F|  |TS  0|AC  0|TAMS 0x00000006c8500000, 0x00000006c8500000|
|  66|0x00000006c8600000, 0x00000006c8600000, 0x00000006c8700000|  0%| F|  |TS  0|AC  0|TAMS 0x00000006c8600000, 0x00000006c8600000|
|  67|0x00000006c8700000, 0x00000006c8700000, 0x00000006c8800000|  0%| F|  |TS  0|AC  0|TAMS 0x00000006c8700000, 0x00000006c8700000|
|  68|0x00000006c8800000, 0x00000006c8800000, 0x00000006c8900000|  0%| F|  |TS  0|AC  0|TAMS 0x00000006c8800000, 0x00000006c8800000|
|  69|0x00000006c8900000, 0x00000006c8900000, 0x00000006c8a00000|  0%| F|  |TS  0|AC  0|TAMS 0x00000006c8900000, 0x00000006c8900000|
|  70|0x00000006c8a00000, 0x00000006c8a00000, 0x00000006c8b00000|  0%| F|  |TS  0|AC  0|TAMS 0x00000006c8a00000, 0x00000006c8a00000|
|  71|0x00000006c8b00000, 0x00000006c8b00000, 0x00000006c8c00000|  0%| F|  |TS  0|AC  0|TAMS 0x00000006c8b00000, 0x00000006c8b00000|
|  72|0x00000006c8c00000, 0x00000006c8c00000, 0x00000006c8d00000|  0%| F|  |TS  0|AC  0|TAMS 0x00000006c8c00000, 0x00000006c8c00000|
|  73|0x00000006c8d00000, 0x00000006c8d00000, 0x00000006c8e00000|  0%| F|  |TS  0|AC  0|TAMS 0x00000006c8d00000, 0x00000006c8d00000|
|  74|0x00000006c8e00000, 0x00000006c8e00000, 0x00000006c8f00000|  0%| F|  |TS  0|AC  0|TAMS 0x00000006c8e00000, 0x00000006c8e00000|
|  75|0x00000006c8f00000, 0x00000006c8f00000, 0x00000006c9000000|  0%| F|  |TS  0|AC  0|TAMS 0x00000006c8f00000, 0x00000006c8f00000|
|  76|0x00000006c9000000, 0x00000006c9000000, 0x00000006c9100000|  0%| F|  |TS  0|AC  0|TAMS 0x00000006c9000000, 0x00000006c9000000|
|  77|0x00000006c9100000, 0x00000006c9100000, 0x00000006c9200000|  0%| F|  |TS  0|AC  0|TAMS 0x00000006c9100000, 0x00000006c9100000|
|  78|0x00000006c9200000, 0x00000006c9200000, 0x00000006c9300000|  0%| F|  |TS  0|AC  0|TAMS 0x00000006c9200000, 0x00000006c9200000|
|  79|0x00000006c9300000, 0x00000006c9300000, 0x00000006c9400000|  0%| F|  |TS  0|AC  0|TAMS 0x00000006c9300000, 0x00000006c9300000|
|  80|0x00000006c9400000, 0x00000006c9400000, 0x00000006c9500000|  0%| F|  |TS  0|AC  0|TAMS 0x00000006c9400000, 0x00000006c9400000|
|  81|0x00000006c9500000, 0x00000006c9500000, 0x00000006c9600000|  0%| F|  |TS  0|AC  0|TAMS 0x00000006c9500000, 0x00000006c9500000|
|  82|0x00000006c9600000, 0x00000006c9600000, 0x00000006c9700000|  0%| F|  |TS  0|AC  0|TAMS 0x00000006c9600000, 0x00000006c9600000|
|  83|0x00000006c9700000, 0x00000006c9700000, 0x00000006c9800000|  0%| F|  |TS  0|AC  0|TAMS 0x00000006c9700000, 0x00000006c9700000|
|  84|0x00000006c9800000, 0x00000006c9800000, 0x00000006c9900000|  0%| F|  |TS  0|AC  0|TAMS 0x00000006c9800000, 0x00000006c9800000|
|  85|0x00000006c9900000, 0x00000006c9900000, 0x00000006c9a00000|  0%| F|  |TS  0|AC  0|TAMS 0x00000006c9900000, 0x00000006c9900000|
|  86|0x00000006c9a00000, 0x00000006c9a00000, 0x00000006c9b00000|  0%| F|  |TS  0|AC  0|TAMS 0x00000006c9a00000, 0x00000006c9a00000|
|  87|0x00000006c9b00000, 0x00000006c9b00000, 0x00000006c9c00000|  0%| F|  |TS  0|AC  0|TAMS 0x00000006c9b00000, 0x00000006c9b00000|
|  88|0x00000006c9c00000, 0x00000006c9c00000, 0x00000006c9d00000|  0%| F|  |TS  0|AC  0|TAMS 0x00000006c9c00000, 0x00000006c9c00000|
|  89|0x00000006c9d00000, 0x00000006c9d00000, 0x00000006c9e00000|  0%| F|  |TS  0|AC  0|TAMS 0x00000006c9d00000, 0x00000006c9d00000|
|  90|0x00000006c9e00000, 0x00000006c9e00000, 0x00000006c9f00000|  0%| F|  |TS  0|AC  0|TAMS 0x00000006c9e00000, 0x00000006c9e00000|
|  91|0x00000006c9f00000, 0x00000006c9f00000, 0x00000006ca000000|  0%| F|  |TS  0|AC  0|TAMS 0x00000006c9f00000, 0x00000006c9f00000|
|  92|0x00000006ca000000, 0x00000006ca000000, 0x00000006ca100000|  0%| F|  |TS  0|AC  0|TAMS 0x00000006ca000000, 0x00000006ca000000|
|  93|0x00000006ca100000, 0x00000006ca100000, 0x00000006ca200000|  0%| F|  |TS  0|AC  0|TAMS 0x00000006ca100000, 0x00000006ca100000|
|  94|0x00000006ca200000, 0x00000006ca200000, 0x00000006ca300000|  0%| F|  |TS  0|AC  0|TAMS 0x00000006ca200000, 0x00000006ca200000|
|  95|0x00000006ca300000, 0x00000006ca300000, 0x00000006ca400000|  0%| F|  |TS  0|AC  0|TAMS 0x00000006ca300000, 0x00000006ca300000|
|  96|0x00000006ca400000, 0x00000006ca400000, 0x00000006ca500000|  0%| F|  |TS  0|AC  0|TAMS 0x00000006ca400000, 0x00000006ca400000|
|  97|0x00000006ca500000, 0x00000006ca500000, 0x00000006ca600000|  0%| F|  |TS  0|AC  0|TAMS 0x00000006ca500000, 0x00000006ca500000|
|  98|0x00000006ca600000, 0x00000006ca600000, 0x00000006ca700000|  0%| F|  |TS  0|AC  0|TAMS 0x00000006ca600000, 0x00000006ca600000|
|  99|0x00000006ca700000, 0x00000006ca700000, 0x00000006ca800000|  0%| F|  |TS  0|AC  0|TAMS 0x00000006ca700000, 0x00000006ca700000|
| 100|0x00000006ca800000, 0x00000006ca800000, 0x00000006ca900000|  0%| F|  |TS  0|AC  0|TAMS 0x00000006ca800000, 0x00000006ca800000|
| 101|0x00000006ca900000, 0x00000006ca900000, 0x00000006caa00000|  0%| F|  |TS  0|AC  0|TAMS 0x00000006ca900000, 0x00000006ca900000|
| 102|0x00000006caa00000, 0x00000006caa00000, 0x00000006cab00000|  0%| F|  |TS  0|AC  0|TAMS 0x00000006caa00000, 0x00000006caa00000|
| 103|0x00000006cab00000, 0x00000006cab00000, 0x00000006cac00000|  0%| F|  |TS  0|AC  0|TAMS 0x00000006cab00000, 0x00000006cab00000|
| 104|0x00000006cac00000, 0x00000006cac00000, 0x00000006cad00000|  0%| F|  |TS  0|AC  0|TAMS 0x00000006cac00000, 0x00000006cac00000|
| 105|0x00000006cad00000, 0x00000006cad00000, 0x00000006cae00000|  0%| F|  |TS  0|AC  0|TAMS 0x00000006cad00000, 0x00000006cad00000|
| 106|0x00000006cae00000, 0x00000006cae00000, 0x00000006caf00000|  0%| F|  |TS  0|AC  0|TAMS 0x00000006cae00000, 0x00000006cae00000|
| 107|0x00000006caf00000, 0x00000006caf00000, 0x00000006cb000000|  0%| F|  |TS  0|AC  0|TAMS 0x00000006caf00000, 0x00000006caf00000|
| 108|0x00000006cb000000, 0x00000006cb000000, 0x00000006cb100000|  0%| F|  |TS  0|AC  0|TAMS 0x00000006cb000000, 0x00000006cb000000|
| 109|0x00000006cb100000, 0x00000006cb100000, 0x00000006cb200000|  0%| F|  |TS  0|AC  0|TAMS 0x00000006cb100000, 0x00000006cb100000|
| 110|0x00000006cb200000, 0x00000006cb200000, 0x00000006cb300000|  0%| F|  |TS  0|AC  0|TAMS 0x00000006cb200000, 0x00000006cb200000|
| 111|0x00000006cb300000, 0x00000006cb300000, 0x00000006cb400000|  0%| F|  |TS  0|AC  0|TAMS 0x00000006cb300000, 0x00000006cb300000|
| 112|0x00000006cb400000, 0x00000006cb400000, 0x00000006cb500000|  0%| F|  |TS  0|AC  0|TAMS 0x00000006cb400000, 0x00000006cb400000|
| 113|0x00000006cb500000, 0x00000006cb500000, 0x00000006cb600000|  0%| F|  |TS  0|AC  0|TAMS 0x00000006cb500000, 0x00000006cb500000|
| 114|0x00000006cb600000, 0x00000006cb600000, 0x00000006cb700000|  0%| F|  |TS  0|AC  0|TAMS 0x00000006cb600000, 0x00000006cb600000|
| 115|0x00000006cb700000, 0x00000006cb700000, 0x00000006cb800000|  0%| F|  |TS  0|AC  0|TAMS 0x00000006cb700000, 0x00000006cb700000|
| 116|0x00000006cb800000, 0x00000006cb800000, 0x00000006cb900000|  0%| F|  |TS  0|AC  0|TAMS 0x00000006cb800000, 0x00000006cb800000|
| 117|0x00000006cb900000, 0x00000006cb900000, 0x00000006cba00000|  0%| F|  |TS  0|AC  0|TAMS 0x00000006cb900000, 0x00000006cb900000|
| 118|0x00000006cba00000, 0x00000006cba00000, 0x00000006cbb00000|  0%| F|  |TS  0|AC  0|TAMS 0x00000006cba00000, 0x00000006cba00000|
| 119|0x00000006cbb00000, 0x00000006cbb00000, 0x00000006cbc00000|  0%| F|  |TS  0|AC  0|TAMS 0x00000006cbb00000, 0x00000006cbb00000|
| 120|0x00000006cbc00000, 0x00000006cbc00000, 0x00000006cbd00000|  0%| F|  |TS  0|AC  0|TAMS 0x00000006cbc00000, 0x00000006cbc00000|
| 121|0x00000006cbd00000, 0x00000006cbd00000, 0x00000006cbe00000|  0%| F|  |TS  0|AC  0|TAMS 0x00000006cbd00000, 0x00000006cbd00000|
| 122|0x00000006cbe00000, 0x00000006cbe00000, 0x00000006cbf00000|  0%| F|  |TS  0|AC  0|TAMS 0x00000006cbe00000, 0x00000006cbe00000|
| 123|0x00000006cbf00000, 0x00000006cbf00000, 0x00000006cc000000|  0%| F|  |TS  0|AC  0|TAMS 0x00000006cbf00000, 0x00000006cbf00000|
| 124|0x00000006cc000000, 0x00000006cc000000, 0x00000006cc100000|  0%| F|  |TS  0|AC  0|TAMS 0x00000006cc000000, 0x00000006cc000000|
| 125|0x00000006cc100000, 0x00000006cc100000, 0x00000006cc200000|  0%| F|  |TS  0|AC  0|TAMS 0x00000006cc100000, 0x00000006cc100000|
| 126|0x00000006cc200000, 0x00000006cc200000, 0x00000006cc300000|  0%| F|  |TS  0|AC  0|TAMS 0x00000006cc200000, 0x00000006cc200000|
| 127|0x00000006cc300000, 0x00000006cc300000, 0x00000006cc400000|  0%| F|  |TS  0|AC  0|TAMS 0x00000006cc300000, 0x00000006cc300000|
| 128|0x00000006cc400000, 0x00000006cc400000, 0x00000006cc500000|  0%| F|  |TS  0|AC  0|TAMS 0x00000006cc400000, 0x00000006cc400000|
| 129|0x00000006cc500000, 0x00000006cc500000, 0x00000006cc600000|  0%| F|  |TS  0|AC  0|TAMS 0x00000006cc500000, 0x00000006cc500000|
| 130|0x00000006cc600000, 0x00000006cc600000, 0x00000006cc700000|  0%| F|  |TS  0|AC  0|TAMS 0x00000006cc600000, 0x00000006cc600000|
| 131|0x00000006cc700000, 0x00000006cc700000, 0x00000006cc800000|  0%| F|  |TS  0|AC  0|TAMS 0x00000006cc700000, 0x00000006cc700000|
| 132|0x00000006cc800000, 0x00000006cc800000, 0x00000006cc900000|  0%| F|  |TS  0|AC  0|TAMS 0x00000006cc800000, 0x00000006cc800000|
| 133|0x00000006cc900000, 0x00000006cc900000, 0x00000006cca00000|  0%| F|  |TS  0|AC  0|TAMS 0x00000006cc900000, 0x00000006cc900000|
| 134|0x00000006cca00000, 0x00000006cca00000, 0x00000006ccb00000|  0%| F|  |TS  0|AC  0|TAMS 0x00000006cca00000, 0x00000006cca00000|
| 135|0x00000006ccb00000, 0x00000006ccb00000, 0x00000006ccc00000|  0%| F|  |TS  0|AC  0|TAMS 0x00000006ccb00000, 0x00000006ccb00000|
| 136|0x00000006ccc00000, 0x00000006ccc00000, 0x00000006ccd00000|  0%| F|  |TS  0|AC  0|TAMS 0x00000006ccc00000, 0x00000006ccc00000|
| 137|0x00000006ccd00000, 0x00000006ccd00000, 0x00000006cce00000|  0%| F|  |TS  0|AC  0|TAMS 0x00000006ccd00000, 0x00000006ccd00000|
| 138|0x00000006cce00000, 0x00000006cce00000, 0x00000006ccf00000|  0%| F|  |TS  0|AC  0|TAMS 0x00000006cce00000, 0x00000006cce00000|
| 139|0x00000006ccf00000, 0x00000006ccf00000, 0x00000006cd000000|  0%| F|  |TS  0|AC  0|TAMS 0x00000006ccf00000, 0x00000006ccf00000|
| 140|0x00000006cd000000, 0x00000006cd000000, 0x00000006cd100000|  0%| F|  |TS  0|AC  0|TAMS 0x00000006cd000000, 0x00000006cd000000|
| 141|0x00000006cd100000, 0x00000006cd100000, 0x00000006cd200000|  0%| F|  |TS  0|AC  0|TAMS 0x00000006cd100000, 0x00000006cd100000|
| 142|0x00000006cd200000, 0x00000006cd200000, 0x00000006cd300000|  0%| F|  |TS  0|AC  0|TAMS 0x00000006cd200000, 0x00000006cd200000|
| 143|0x00000006cd300000, 0x00000006cd300000, 0x00000006cd400000|  0%| F|  |TS  0|AC  0|TAMS 0x00000006cd300000, 0x00000006cd300000|
| 144|0x00000006cd400000, 0x00000006cd400000, 0x00000006cd500000|  0%| F|  |TS  0|AC  0|TAMS 0x00000006cd400000, 0x00000006cd400000|
| 145|0x00000006cd500000, 0x00000006cd500000, 0x00000006cd600000|  0%| F|  |TS  0|AC  0|TAMS 0x00000006cd500000, 0x00000006cd500000|
| 146|0x00000006cd600000, 0x00000006cd600000, 0x00000006cd700000|  0%| F|  |TS  0|AC  0|TAMS 0x00000006cd600000, 0x00000006cd600000|
| 147|0x00000006cd700000, 0x00000006cd700000, 0x00000006cd800000|  0%| F|  |TS  0|AC  0|TAMS 0x00000006cd700000, 0x00000006cd700000|
| 148|0x00000006cd800000, 0x00000006cd800000, 0x00000006cd900000|  0%| F|  |TS  0|AC  0|TAMS 0x00000006cd800000, 0x00000006cd800000|
| 149|0x00000006cd900000, 0x00000006cd900000, 0x00000006cda00000|  0%| F|  |TS  0|AC  0|TAMS 0x00000006cd900000, 0x00000006cd900000|
| 150|0x00000006cda00000, 0x00000006cda00000, 0x00000006cdb00000|  0%| F|  |TS  0|AC  0|TAMS 0x00000006cda00000, 0x00000006cda00000|
| 151|0x00000006cdb00000, 0x00000006cdb00000, 0x00000006cdc00000|  0%| F|  |TS  0|AC  0|TAMS 0x00000006cdb00000, 0x00000006cdb00000|
| 152|0x00000006cdc00000, 0x00000006cdc00000, 0x00000006cdd00000|  0%| F|  |TS  0|AC  0|TAMS 0x00000006cdc00000, 0x00000006cdc00000|
| 153|0x00000006cdd00000, 0x00000006cdd00000, 0x00000006cde00000|  0%| F|  |TS  0|AC  0|TAMS 0x00000006cdd00000, 0x00000006cdd00000|
| 154|0x00000006cde00000, 0x00000006cde00000, 0x00000006cdf00000|  0%| F|  |TS  0|AC  0|TAMS 0x00000006cde00000, 0x00000006cde00000|
| 155|0x00000006cdf00000, 0x00000006cdf00000, 0x00000006ce000000|  0%| F|  |TS  0|AC  0|TAMS 0x00000006cdf00000, 0x00000006cdf00000|
| 156|0x00000006ce000000, 0x00000006ce000000, 0x00000006ce100000|  0%| F|  |TS  0|AC  0|TAMS 0x00000006ce000000, 0x00000006ce000000|
| 157|0x00000006ce100000, 0x00000006ce100000, 0x00000006ce200000|  0%| F|  |TS  0|AC  0|TAMS 0x00000006ce100000, 0x00000006ce100000|
| 158|0x00000006ce200000, 0x00000006ce200000, 0x00000006ce300000|  0%| F|  |TS  0|AC  0|TAMS 0x00000006ce200000, 0x00000006ce200000|
| 159|0x00000006ce300000, 0x00000006ce300000, 0x00000006ce400000|  0%| F|  |TS  0|AC  0|TAMS 0x00000006ce300000, 0x00000006ce300000|
| 160|0x00000006ce400000, 0x00000006ce400000, 0x00000006ce500000|  0%| F|  |TS  0|AC  0|TAMS 0x00000006ce400000, 0x00000006ce400000|
| 161|0x00000006ce500000, 0x00000006ce500000, 0x00000006ce600000|  0%| F|  |TS  0|AC  0|TAMS 0x00000006ce500000, 0x00000006ce500000|
| 162|0x00000006ce600000, 0x00000006ce600000, 0x00000006ce700000|  0%| F|  |TS  0|AC  0|TAMS 0x00000006ce600000, 0x00000006ce600000|
| 163|0x00000006ce700000, 0x00000006ce700000, 0x00000006ce800000|  0%| F|  |TS  0|AC  0|TAMS 0x00000006ce700000, 0x00000006ce700000|
| 164|0x00000006ce800000, 0x00000006ce800000, 0x00000006ce900000|  0%| F|  |TS  0|AC  0|TAMS 0x00000006ce800000, 0x00000006ce800000|
| 165|0x00000006ce900000, 0x00000006ce900000, 0x00000006cea00000|  0%| F|  |TS  0|AC  0|TAMS 0x00000006ce900000, 0x00000006ce900000|
| 166|0x00000006cea00000, 0x00000006cea00000, 0x00000006ceb00000|  0%| F|  |TS  0|AC  0|TAMS 0x00000006cea00000, 0x00000006cea00000|
| 167|0x00000006ceb00000, 0x00000006ceb00000, 0x00000006cec00000|  0%| F|  |TS  0|AC  0|TAMS 0x00000006ceb00000, 0x00000006ceb00000|
| 168|0x00000006cec00000, 0x00000006cec00000, 0x00000006ced00000|  0%| F|  |TS  0|AC  0|TAMS 0x00000006cec00000, 0x00000006cec00000|
| 169|0x00000006ced00000, 0x00000006ced00000, 0x00000006cee00000|  0%| F|  |TS  0|AC  0|TAMS 0x00000006ced00000, 0x00000006ced00000|
| 170|0x00000006cee00000, 0x00000006cee00000, 0x00000006cef00000|  0%| F|  |TS  0|AC  0|TAMS 0x00000006cee00000, 0x00000006cee00000|
| 171|0x00000006cef00000, 0x00000006cef00000, 0x00000006cf000000|  0%| F|  |TS  0|AC  0|TAMS 0x00000006cef00000, 0x00000006cef00000|
| 172|0x00000006cf000000, 0x00000006cf000000, 0x00000006cf100000|  0%| F|  |TS  0|AC  0|TAMS 0x00000006cf000000, 0x00000006cf000000|
| 173|0x00000006cf100000, 0x00000006cf100000, 0x00000006cf200000|  0%| F|  |TS  0|AC  0|TAMS 0x00000006cf100000, 0x00000006cf100000|
| 174|0x00000006cf200000, 0x00000006cf200000, 0x00000006cf300000|  0%| F|  |TS  0|AC  0|TAMS 0x00000006cf200000, 0x00000006cf200000|
| 175|0x00000006cf300000, 0x00000006cf300000, 0x00000006cf400000|  0%| F|  |TS  0|AC  0|TAMS 0x00000006cf300000, 0x00000006cf300000|
| 176|0x00000006cf400000, 0x00000006cf400000, 0x00000006cf500000|  0%| F|  |TS  0|AC  0|TAMS 0x00000006cf400000, 0x00000006cf400000|
| 177|0x00000006cf500000, 0x00000006cf500000, 0x00000006cf600000|  0%| F|  |TS  0|AC  0|TAMS 0x00000006cf500000, 0x00000006cf500000|
| 178|0x00000006cf600000, 0x00000006cf600000, 0x00000006cf700000|  0%| F|  |TS  0|AC  0|TAMS 0x00000006cf600000, 0x00000006cf600000|
| 179|0x00000006cf700000, 0x00000006cf700000, 0x00000006cf800000|  0%| F|  |TS  0|AC  0|TAMS 0x00000006cf700000, 0x00000006cf700000|
| 180|0x00000006cf800000, 0x00000006cf800000, 0x00000006cf900000|  0%| F|  |TS  0|AC  0|TAMS 0x00000006cf800000, 0x00000006cf800000|
| 181|0x00000006cf900000, 0x00000006cf900000, 0x00000006cfa00000|  0%| F|  |TS  0|AC  0|TAMS 0x00000006cf900000, 0x00000006cf900000|
| 182|0x00000006cfa00000, 0x00000006cfa00000, 0x00000006cfb00000|  0%| F|  |TS  0|AC  0|TAMS 0x00000006cfa00000, 0x00000006cfa00000|
| 183|0x00000006cfb00000, 0x00000006cfb00000, 0x00000006cfc00000|  0%| F|  |TS  0|AC  0|TAMS 0x00000006cfb00000, 0x00000006cfb00000|
| 184|0x00000006cfc00000, 0x00000006cfc00000, 0x00000006cfd00000|  0%| F|  |TS  0|AC  0|TAMS 0x00000006cfc00000, 0x00000006cfc00000|
| 185|0x00000006cfd00000, 0x00000006cfd00000, 0x00000006cfe00000|  0%| F|  |TS  0|AC  0|TAMS 0x00000006cfd00000, 0x00000006cfd00000|
| 186|0x00000006cfe00000, 0x00000006cfe00000, 0x00000006cff00000|  0%| F|  |TS  0|AC  0|TAMS 0x00000006cfe00000, 0x00000006cfe00000|
| 187|0x00000006cff00000, 0x00000006cff00000, 0x00000006d0000000|  0%| F|  |TS  0|AC  0|TAMS 0x00000006cff00000, 0x00000006cff00000|
| 188|0x00000006d0000000, 0x00000006d0000000, 0x00000006d0100000|  0%| F|  |TS  0|AC  0|TAMS 0x00000006d0000000, 0x00000006d0000000|
| 189|0x00000006d0100000, 0x00000006d0100000, 0x00000006d0200000|  0%| F|  |TS  0|AC  0|TAMS 0x00000006d0100000, 0x00000006d0100000|
| 190|0x00000006d0200000, 0x00000006d0200000, 0x00000006d0300000|  0%| F|  |TS  0|AC  0|TAMS 0x00000006d0200000, 0x00000006d0200000|
| 191|0x00000006d0300000, 0x00000006d0300000, 0x00000006d0400000|  0%| F|  |TS  0|AC  0|TAMS 0x00000006d0300000, 0x00000006d0300000|
| 192|0x00000006d0400000, 0x00000006d0400000, 0x00000006d0500000|  0%| F|  |TS  0|AC  0|TAMS 0x00000006d0400000, 0x00000006d0400000|
| 193|0x00000006d0500000, 0x00000006d0500000, 0x00000006d0600000|  0%| F|  |TS  0|AC  0|TAMS 0x00000006d0500000, 0x00000006d0500000|
| 194|0x00000006d0600000, 0x00000006d0600000, 0x00000006d0700000|  0%| F|  |TS  0|AC  0|TAMS 0x00000006d0600000, 0x00000006d0600000|
| 195|0x00000006d0700000, 0x00000006d0700000, 0x00000006d0800000|  0%| F|  |TS  0|AC  0|TAMS 0x00000006d0700000, 0x00000006d0700000|
| 196|0x00000006d0800000, 0x00000006d0800000, 0x00000006d0900000|  0%| F|  |TS  0|AC  0|TAMS 0x00000006d0800000, 0x00000006d0800000|
| 197|0x00000006d0900000, 0x00000006d0900000, 0x00000006d0a00000|  0%| F|  |TS  0|AC  0|TAMS 0x00000006d0900000, 0x00000006d0900000|
| 198|0x00000006d0a00000, 0x00000006d0a00000, 0x00000006d0b00000|  0%| F|  |TS  0|AC  0|TAMS 0x00000006d0a00000, 0x00000006d0a00000|
| 199|0x00000006d0b00000, 0x00000006d0b00000, 0x00000006d0c00000|  0%| F|  |TS  0|AC  0|TAMS 0x00000006d0b00000, 0x00000006d0b00000|
| 200|0x00000006d0c00000, 0x00000006d0c00000, 0x00000006d0d00000|  0%| F|  |TS  0|AC  0|TAMS 0x00000006d0c00000, 0x00000006d0c00000|
| 201|0x00000006d0d00000, 0x00000006d0d00000, 0x00000006d0e00000|  0%| F|  |TS  0|AC  0|TAMS 0x00000006d0d00000, 0x00000006d0d00000|
| 202|0x00000006d0e00000, 0x00000006d0e00000, 0x00000006d0f00000|  0%| F|  |TS  0|AC  0|TAMS 0x00000006d0e00000, 0x00000006d0e00000|
| 203|0x00000006d0f00000, 0x00000006d0f00000, 0x00000006d1000000|  0%| F|  |TS  0|AC  0|TAMS 0x00000006d0f00000, 0x00000006d0f00000|
| 204|0x00000006d1000000, 0x00000006d1000000, 0x00000006d1100000|  0%| F|  |TS  0|AC  0|TAMS 0x00000006d1000000, 0x00000006d1000000|
| 205|0x00000006d1100000, 0x00000006d1100000, 0x00000006d1200000|  0%| F|  |TS  0|AC  0|TAMS 0x00000006d1100000, 0x00000006d1100000|
| 206|0x00000006d1200000, 0x00000006d1200000, 0x00000006d1300000|  0%| F|  |TS  0|AC  0|TAMS 0x00000006d1200000, 0x00000006d1200000|
| 207|0x00000006d1300000, 0x00000006d1300000, 0x00000006d1400000|  0%| F|  |TS  0|AC  0|TAMS 0x00000006d1300000, 0x00000006d1300000|
| 208|0x00000006d1400000, 0x00000006d1400000, 0x00000006d1500000|  0%| F|  |TS  0|AC  0|TAMS 0x00000006d1400000, 0x00000006d1400000|
| 209|0x00000006d1500000, 0x00000006d1500000, 0x00000006d1600000|  0%| F|  |TS  0|AC  0|TAMS 0x00000006d1500000, 0x00000006d1500000|
| 210|0x00000006d1600000, 0x00000006d1600000, 0x00000006d1700000|  0%| F|  |TS  0|AC  0|TAMS 0x00000006d1600000, 0x00000006d1600000|
| 211|0x00000006d1700000, 0x00000006d1700000, 0x00000006d1800000|  0%| F|  |TS  0|AC  0|TAMS 0x00000006d1700000, 0x00000006d1700000|
| 212|0x00000006d1800000, 0x00000006d1800000, 0x00000006d1900000|  0%| F|  |TS  0|AC  0|TAMS 0x00000006d1800000, 0x00000006d1800000|
| 213|0x00000006d1900000, 0x00000006d1900000, 0x00000006d1a00000|  0%| F|  |TS  0|AC  0|TAMS 0x00000006d1900000, 0x00000006d1900000|
| 214|0x00000006d1a00000, 0x00000006d1a00000, 0x00000006d1b00000|  0%| F|  |TS  0|AC  0|TAMS 0x00000006d1a00000, 0x00000006d1a00000|
| 215|0x00000006d1b00000, 0x00000006d1b00000, 0x00000006d1c00000|  0%| F|  |TS  0|AC  0|TAMS 0x00000006d1b00000, 0x00000006d1b00000|
| 216|0x00000006d1c00000, 0x00000006d1c00000, 0x00000006d1d00000|  0%| F|  |TS  0|AC  0|TAMS 0x00000006d1c00000, 0x00000006d1c00000|
| 217|0x00000006d1d00000, 0x00000006d1d00000, 0x00000006d1e00000|  0%| F|  |TS  0|AC  0|TAMS 0x00000006d1d00000, 0x00000006d1d00000|
| 218|0x00000006d1e00000, 0x00000006d1e00000, 0x00000006d1f00000|  0%| F|  |TS  0|AC  0|TAMS 0x00000006d1e00000, 0x00000006d1e00000|
| 219|0x00000006d1f00000, 0x00000006d1f00000, 0x00000006d2000000|  0%| F|  |TS  0|AC  0|TAMS 0x00000006d1f00000, 0x00000006d1f00000|
| 220|0x00000006d2000000, 0x00000006d2000000, 0x00000006d2100000|  0%| F|  |TS  0|AC  0|TAMS 0x00000006d2000000, 0x00000006d2000000|
| 221|0x00000006d2100000, 0x00000006d2100000, 0x00000006d2200000|  0%| F|  |TS  0|AC  0|TAMS 0x00000006d2100000, 0x00000006d2100000|
| 222|0x00000006d2200000, 0x00000006d2200000, 0x00000006d2300000|  0%| F|  |TS  0|AC  0|TAMS 0x00000006d2200000, 0x00000006d2200000|
| 223|0x00000006d2300000, 0x00000006d2300000, 0x00000006d2400000|  0%| F|  |TS  0|AC  0|TAMS 0x00000006d2300000, 0x00000006d2300000|
| 224|0x00000006d2400000, 0x00000006d2400000, 0x00000006d2500000|  0%| F|  |TS  0|AC  0|TAMS 0x00000006d2400000, 0x00000006d2400000|
| 225|0x00000006d2500000, 0x00000006d2500000, 0x00000006d2600000|  0%| F|  |TS  0|AC  0|TAMS 0x00000006d2500000, 0x00000006d2500000|
| 226|0x00000006d2600000, 0x00000006d2600000, 0x00000006d2700000|  0%| F|  |TS  0|AC  0|TAMS 0x00000006d2600000, 0x00000006d2600000|
| 227|0x00000006d2700000, 0x00000006d2700000, 0x00000006d2800000|  0%| F|  |TS  0|AC  0|TAMS 0x00000006d2700000, 0x00000006d2700000|
| 228|0x00000006d2800000, 0x00000006d2800000, 0x00000006d2900000|  0%| F|  |TS  0|AC  0|TAMS 0x00000006d2800000, 0x00000006d2800000|
| 229|0x00000006d2900000, 0x00000006d2900000, 0x00000006d2a00000|  0%| F|  |TS  0|AC  0|TAMS 0x00000006d2900000, 0x00000006d2900000|
| 230|0x00000006d2a00000, 0x00000006d2a00000, 0x00000006d2b00000|  0%| F|  |TS  0|AC  0|TAMS 0x00000006d2a00000, 0x00000006d2a00000|
| 231|0x00000006d2b00000, 0x00000006d2b00000, 0x00000006d2c00000|  0%| F|  |TS  0|AC  0|TAMS 0x00000006d2b00000, 0x00000006d2b00000|
| 232|0x00000006d2c00000, 0x00000006d2c00000, 0x00000006d2d00000|  0%| F|  |TS  0|AC  0|TAMS 0x00000006d2c00000, 0x00000006d2c00000|
| 233|0x00000006d2d00000, 0x00000006d2d00000, 0x00000006d2e00000|  0%| F|  |TS  0|AC  0|TAMS 0x00000006d2d00000, 0x00000006d2d00000|
| 234|0x00000006d2e00000, 0x00000006d2e00000, 0x00000006d2f00000|  0%| F|  |TS  0|AC  0|TAMS 0x00000006d2e00000, 0x00000006d2e00000|
| 235|0x00000006d2f00000, 0x00000006d2f00000, 0x00000006d3000000|  0%| F|  |TS  0|AC  0|TAMS 0x00000006d2f00000, 0x00000006d2f00000|
| 236|0x00000006d3000000, 0x00000006d3000000, 0x00000006d3100000|  0%| F|  |TS  0|AC  0|TAMS 0x00000006d3000000, 0x00000006d3000000|
| 237|0x00000006d3100000, 0x00000006d3100000, 0x00000006d3200000|  0%| F|  |TS  0|AC  0|TAMS 0x00000006d3100000, 0x00000006d3100000|
| 238|0x00000006d3200000, 0x00000006d3200000, 0x00000006d3300000|  0%| F|  |TS  0|AC  0|TAMS 0x00000006d3200000, 0x00000006d3200000|
| 239|0x00000006d3300000, 0x00000006d3300000, 0x00000006d3400000|  0%| F|  |TS  0|AC  0|TAMS 0x00000006d3300000, 0x00000006d3300000|
| 240|0x00000006d3400000, 0x00000006d3400000, 0x00000006d3500000|  0%| F|  |TS  0|AC  0|TAMS 0x00000006d3400000, 0x00000006d3400000|
| 241|0x00000006d3500000, 0x00000006d3500000, 0x00000006d3600000|  0%| F|  |TS  0|AC  0|TAMS 0x00000006d3500000, 0x00000006d3500000|
| 242|0x00000006d3600000, 0x00000006d367fdf0, 0x00000006d3700000| 49%| E|  |TS  0|AC  0|TAMS 0x00000006d3600000, 0x00000006d3600000|
| 243|0x00000006d3700000, 0x00000006d3800000, 0x00000006d3800000|100%| E|CS|TS  0|AC  0|TAMS 0x00000006d3700000, 0x00000006d3700000|
| 244|0x00000006d3800000, 0x00000006d3900000, 0x00000006d3900000|100%| E|CS|TS  0|AC  0|TAMS 0x00000006d3800000, 0x00000006d3800000|
| 245|0x00000006d3900000, 0x00000006d3a00000, 0x00000006d3a00000|100%| E|CS|TS  0|AC  0|TAMS 0x00000006d3900000, 0x00000006d3900000|
| 246|0x00000006d3a00000, 0x00000006d3b00000, 0x00000006d3b00000|100%| E|CS|TS  0|AC  0|TAMS 0x00000006d3a00000, 0x00000006d3a00000|
| 247|0x00000006d3b00000, 0x00000006d3c00000, 0x00000006d3c00000|100%| E|CS|TS  0|AC  0|TAMS 0x00000006d3b00000, 0x00000006d3b00000|
| 248|0x00000006d3c00000, 0x00000006d3d00000, 0x00000006d3d00000|100%| E|CS|TS  0|AC  0|TAMS 0x00000006d3c00000, 0x00000006d3c00000|
| 249|0x00000006d3d00000, 0x00000006d3e00000, 0x00000006d3e00000|100%| E|CS|TS  0|AC  0|TAMS 0x00000006d3d00000, 0x00000006d3d00000|
| 250|0x00000006d3e00000, 0x00000006d3f00000, 0x00000006d3f00000|100%| E|CS|TS  0|AC  0|TAMS 0x00000006d3e00000, 0x00000006d3e00000|
| 251|0x00000006d3f00000, 0x00000006d4000000, 0x00000006d4000000|100%| E|CS|TS  0|AC  0|TAMS 0x00000006d3f00000, 0x00000006d3f00000|

Card table byte_map: [0x000001feb3280000,0x000001feb3a60000] byte_map_base: 0x000001feafc5e000

Marking Bits (Prev, Next): (CMBitMap*) 0x000001fe981ffcb0, (CMBitMap*) 0x000001fe981ffce8
 Prev Bits: [0x000001feb4240000, 0x000001feb8130000)
 Next Bits: [0x000001feb8130000, 0x000001febc020000)

Polling page: 0x000001fe95ad0000

CodeHeap 'non-profiled nmethods': size=238336Kb used=562Kb max_used=562Kb free=237773Kb
 bounds [0x000001fea2fa0000, 0x000001fea3210000, 0x000001feb1860000]
CodeHeap 'non-nmethods': size=7424Kb used=2881Kb max_used=2881Kb free=4542Kb
 bounds [0x000001fea2860000, 0x000001fea2b40000, 0x000001fea2fa0000]
 total_blobs=736 nmethods=392 adapters=252
 compilation: enabled

Compilation events (10 events):
Event: 0.275 Thread 0x000001febf510800 nmethod 386 0x000001fea3029210 code [0x000001fea30293c0, 0x000001fea3029590]
Event: 0.275 Thread 0x000001febf50c800 nmethod 387 0x000001fea3029810 code [0x000001fea30299e0, 0x000001fea3029c80]
Event: 0.276 Thread 0x000001febf50d800  390       1       jdk.internal.org.objectweb.asm.Item::<init> (66 bytes)
Event: 0.276 Thread 0x000001febf512000  391       1       jdk.internal.org.objectweb.asm.ClassWriter::put (152 bytes)
Event: 0.276 Thread 0x000001febf510800  389       1       java.lang.invoke.MethodTypeForm::canonicalize (233 bytes)
Event: 0.277 Thread 0x000001febf50d800 nmethod 390 0x000001fea302a190 code [0x000001fea302a340, 0x000001fea302a5b8]
Event: 0.277 Thread 0x000001febf50d800  392       1       java.util.Arrays::copyOf (40 bytes)
Event: 0.277 Thread 0x000001febf50d800 nmethod 392 0x000001fea302a790 code [0x000001fea302a960, 0x000001fea302ad30]
Event: 0.277 Thread 0x000001febf512000 nmethod 391 0x000001fea302b010 code [0x000001fea302b220, 0x000001fea302b818]
Event: 0.277 Thread 0x000001febf510800 nmethod 389 0x000001fea302bd10 code [0x000001fea302bf40, 0x000001fea302c3e0]

GC Heap History (0 events):
No events

Deoptimization events (0 events):
No events

Classes redefined (0 events):
No events

Internal exceptions (3 events):
Event: 0.253 Thread 0x000001fe9594d000 Exception <a 'java/lang/NoClassDefFoundError'{0x00000006d38be1a0}: jdk/internal/loader/NativeLibraries> (0x00000006d38be1a0) thrown at [t:/workspace/hotspot/src/share/vm/classfile/systemDictionary.cpp, line 207]
Event: 0.253 Thread 0x000001fe9594d000 Exception <a 'java/lang/NoSuchMethodError'{0x00000006d38beb30}: load0> (0x00000006d38beb30) thrown at [t:/workspace/hotspot/src/share/vm/prims/jni.cpp, line 1363]
Event: 0.260 Thread 0x000001fe9594d000 Exception <a 'java/lang/NoSuchMethodError'{0x00000006d3792e58}: java.lang.invoke.DirectMethodHandle$Holder.invokeStaticInit(Ljava/lang/Object;Ljava/lang/Object;Ljava/lang/Object;)Ljava/lang/Object;> (0x00000006d3792e58) thrown at [t:/workspace/hotspot/src

Events (10 events):
Event: 0.276 loading class sun/security/action/GetBooleanAction
Event: 0.276 loading class sun/security/action/GetBooleanAction done
Event: 0.276 loading class java/security/AllPermissionCollection
Event: 0.276 loading class java/security/AllPermissionCollection done
Event: 0.277 loading class jdk/jfr/internal/JVM
Event: 0.277 loading class jdk/jfr/internal/JVM done
Event: 0.277 loading class jdk/jfr/internal/LogTag
Event: 0.277 loading class jdk/jfr/internal/LogTag done
Event: 0.277 loading class jdk/jfr/internal/Options
Event: 0.278 loading class jdk/jfr/internal/Options done


Dynamic libraries:
0x00007ff792890000 - 0x00007ff7928ce000 	C:\Program Files\Java\jdk-9.0.4\bin\java.exe
0x00007ffdf9370000 - 0x00007ffdf9565000 	C:\Windows\SYSTEM32\ntdll.dll
0x00007ffdf8330000 - 0x00007ffdf83ee000 	C:\Windows\System32\KERNEL32.DLL
0x00007ffdf6dd0000 - 0x00007ffdf7098000 	C:\Windows\System32\KERNELBASE.dll
0x00007ffdf9160000 - 0x00007ffdf920e000 	C:\Windows\System32\ADVAPI32.dll
0x00007ffdf9090000 - 0x00007ffdf912e000 	C:\Windows\System32\msvcrt.dll
0x00007ffdf84b0000 - 0x00007ffdf854c000 	C:\Windows\System32\sechost.dll
0x00007ffdf8eb0000 - 0x00007ffdf8fd5000 	C:\Windows\System32\RPCRT4.dll
0x00007ffdf8060000 - 0x00007ffdf8200000 	C:\Windows\System32\USER32.dll
0x00007ffdf71a0000 - 0x00007ffdf71c2000 	C:\Windows\System32\win32u.dll
0x00007ffdf73d0000 - 0x00007ffdf73fa000 	C:\Windows\System32\GDI32.dll
0x00007ffdf7290000 - 0x00007ffdf739b000 	C:\Windows\System32\gdi32full.dll
0x00007ffdf6d30000 - 0x00007ffdf6dcd000 	C:\Windows\System32\msvcp_win.dll
0x00007ffdf70a0000 - 0x00007ffdf71a0000 	C:\Windows\System32\ucrtbase.dll
0x00007ffdec120000 - 0x00007ffdec12a000 	C:\Windows\SYSTEM32\VERSION.dll
0x00007ffde5b50000 - 0x00007ffde5dea000 	C:\Windows\WinSxS\amd64_microsoft.windows.common-controls_6595b64144ccf1df_6.0.19041.1110_none_60b5254171f9507e\COMCTL32.dll
0x00007ffdf9130000 - 0x00007ffdf9160000 	C:\Windows\System32\IMM32.DLL
0x00007ffd9ea60000 - 0x00007ffd9eb4f000 	C:\Program Files\Java\jdk-9.0.4\bin\msvcr120.dll
0x00007ffd9b5b0000 - 0x00007ffd9b656000 	C:\Program Files\Java\jdk-9.0.4\bin\msvcp120.dll
0x0000000053250000 - 0x0000000053c75000 	C:\Program Files\Java\jdk-9.0.4\bin\server\jvm.dll
0x00007ffdf7cf0000 - 0x00007ffdf7cf8000 	C:\Windows\System32\PSAPI.DLL
0x00007ffde8d00000 - 0x00007ffde8d27000 	C:\Windows\SYSTEM32\WINMM.dll
0x00007ffddf120000 - 0x00007ffddf129000 	C:\Windows\SYSTEM32\WSOCK32.dll
0x00007ffdf9210000 - 0x00007ffdf927b000 	C:\Windows\System32\WS2_32.dll
0x00007ffdede10000 - 0x00007ffdede1f000 	C:\Program Files\Java\jdk-9.0.4\bin\verify.dll
0x00007ffdbcf10000 - 0x00007ffdbcf37000 	C:\Program Files\Java\jdk-9.0.4\bin\java.dll
0x00007ffdb0270000 - 0x00007ffdb029a000 	C:\Program Files\Java\jdk-9.0.4\bin\instrument.dll
0x00007ffda7050000 - 0x00007ffda70d9000 	C:\Users\swchu\AppData\Local\Temp\libasyncProfiler.dll
0x00007ffdf74d0000 - 0x00007ffdf75fa000 	C:\Windows\System32\ole32.dll
0x00007ffdf7d00000 - 0x00007ffdf8054000 	C:\Windows\System32\combase.dll
0x00007ffdf7400000 - 0x00007ffdf74cd000 	C:\Windows\System32\OLEAUT32.dll
0x00007ffdf8e50000 - 0x00007ffdf8ea5000 	C:\Windows\System32\SHLWAPI.dll
0x00007ffdebbc0000 - 0x00007ffdebbd6000 	C:\Program Files\Java\jdk-9.0.4\bin\VCRUNTIME140.dll
0x00007ffda5400000 - 0x00007ffda549c000 	C:\Program Files\Java\jdk-9.0.4\bin\MSVCP140.dll
0x00007ffde93c0000 - 0x00007ffde93d6000 	C:\Program Files\Java\jdk-9.0.4\bin\zip.dll
0x00007ffdedd90000 - 0x00007ffdedd9a000 	C:\Program Files\Java\jdk-9.0.4\bin\jimage.dll
0x00007ffdf8700000 - 0x00007ffdf8e44000 	C:\Windows\System32\SHELL32.dll
0x00007ffdf4b90000 - 0x00007ffdf5324000 	C:\Windows\SYSTEM32\windows.storage.dll
0x00007ffdf6500000 - 0x00007ffdf652c000 	C:\Windows\SYSTEM32\Wldp.dll
0x00007ffdf8fe0000 - 0x00007ffdf908d000 	C:\Windows\System32\SHCORE.dll
0x00007ffdf69d0000 - 0x00007ffdf69ef000 	C:\Windows\SYSTEM32\profapi.dll
0x00007ffdc8300000 - 0x00007ffdc831a000 	C:\Program Files\Java\jdk-9.0.4\bin\net.dll
0x00007ffdef4e0000 - 0x00007ffdef5ea000 	C:\Windows\SYSTEM32\WINHTTP.dll
0x00007ffdf6260000 - 0x00007ffdf62ca000 	C:\Windows\system32\mswsock.dll
0x00007ffdbcef0000 - 0x00007ffdbcf01000 	C:\Program Files\Java\jdk-9.0.4\bin\nio.dll
0x00007ffde93e0000 - 0x00007ffde93fa000 	C:\Program Files\JetBrains\IntelliJ IDEA 2022.1\bin\breakgen64.dll
0x00007ffdf48a0000 - 0x00007ffdf4a84000 	C:\Windows\SYSTEM32\dbghelp.dll
0x00007ffdf6b40000 - 0x00007ffdf6bc2000 	C:\Windows\System32\bcryptPrimitives.dll

VM Arguments:
jvm_args: -XX:TieredStopAtLevel=1 -Xverify:none -Dspring.output.ansi.enabled=always -Dcom.sun.management.jmxremote -Dspring.jmx.enabled=true -Dspring.liveBeansView.mbeanDomain -Dspring.application.admin.enabled=true -javaagent:C:\Program Files\JetBrains\IntelliJ IDEA 2022.1\lib\idea_rt.jar=59067:C:\Program Files\JetBrains\IntelliJ IDEA 2022.1\bin -agentpath:C:\Users\swchu\AppData\Local\Temp\libasyncProfiler.dll=start,jfr,libdia=C:\Users\swchu\AppData\Local\Temp\idea_msdia140_dll_temp_folder\msdia140.dll,event=cpu,interval=1ms,jfrsync=profile,file=C:\Users\swchu\Springboot0419Application_2022_04_19_130349.jfr -Dfile.encoding=UTF-8 
java_command: com.green.computer.Springboot0419Application
java_class_path (initial): D:\webprogramming\springboot0419\build\classes\java\main;D:\webprogramming\springboot0419\build\resources\main;C:\Users\swchu\.gradle\caches\modules-2\files-2.1\org.projectlombok\lombok\1.18.22\9c08ea24c6eb714e2d6170e8122c069a0ba9aacf\lombok-1.18.22.jar;C:\Users\swchu\.gradle\caches\modules-2\files-2.1\org.springframework.boot\spring-boot-starter-data-jpa\2.6.6\30942753cd29132913a5b642dc5b045c1cb18fd9\spring-boot-starter-data-jpa-2.6.6.jar;C:\Users\swchu\.gradle\caches\modules-2\files-2.1\org.springframework.boot\spring-boot-starter-thymeleaf\2.6.6\e5eace5a9f6aaf38ba51212934f34faeeb3181cf\spring-boot-starter-thymeleaf-2.6.6.jar;C:\Users\swchu\.gradle\caches\modules-2\files-2.1\org.springframework.boot\spring-boot-starter-web\2.6.6\7aa73898044e9fb7dc71dbf4d4e0f2fbcc7ce25f\spring-boot-starter-web-2.6.6.jar;C:\Users\swchu\.gradle\caches\modules-2\files-2.1\org.springframework.boot\spring-boot-starter-aop\2.6.6\d08c239992526803aa4f7fc4e74f243ccc337ebb\spring-boot-starter-aop-2.6.6.jar;C:\Users\swchu\.gradle\caches\modules-2\files-2.1\org.springframework.boot\spring-boot-starter-jdbc\2.6.6\c0ee383ed4482fddc74ad645c0d77c98ec767140\spring-boot-starter-jdbc-2.6.6.jar;C:\Users\swchu\.gradle\caches\modules-2\files-2.1\jakarta.transaction\jakarta.transaction-api\1.3.3\c4179d48720a1e87202115fbed6089bdc4195405\jakarta.transaction-api-1.3.3.jar;C:\Users\swchu\.gradle\caches\modules-2\files-2.1\jakarta.persistence\jakarta.persistence-api\2.2.3\8f6ea5daedc614f07a3654a455660145286f024e\jakarta.persistence-api-2.2.3.jar;C:\Users\swchu\.gradle\caches\modules-2\files-2.1\org.hibernate\hibernate-core\5.6.7.Final\c62626c463b75530acb4f2fb2ae3ca85d80cfa06\hibernate-core-5.6.7.Final.jar;C:\Users\swchu\.gradle\caches\modules-2\files-2.1\org.springframework.data\spring-data-jpa\2.6.3\7fbfafa3b27c8f2e315fe489c2f0699a24f32082\spring-data-jpa-2.6.3.jar;C:\Users\swchu\.gradle\caches\modules-2\files-2.1\org.springframework\spring-aspects\5.3.18\78e473c68f3f579f6dff4810
Launcher Type: SUN_STANDARD

Logging:
Log output configuration:
#0: stdout all=warning uptime,level,tags
#1: stderr all=off uptime,level,tags

Environment Variables:
PATH=C:\oraclexe\app\oracle\product\11.2.0\server\bin;C:\ProgramData\Oracle\Java\javapath;C:\Program Files\Java\jdk1.8.0_311\bin;C:\Program Files\Java\jre1.8.0_311\bin;C:\Windows\system32;C:\Windows;C:\Windows\System32\Wbem;C:\Windows\System32\WindowsPowerShell\v1.0\;C:\Windows\System32\OpenSSH\;C:\Program Files\nodejs\;C:\Program Files\MySQL\MySQL Server 8.0\bin;C:\Program Files\MySQL\MySQL Shell 8.0\bin\;C:\Users\swchu\AppData\Local\Programs\Python\Python310\Scripts\;C:\Users\swchu\AppData\Local\Programs\Python\Python310\;C:\Users\swchu\AppData\Local\Microsoft\WindowsApps;;C:\Users\swchu\AppData\Local\Programs\Microsoft VS Code\bin;C:\Users\swchu\AppData\Roaming\npm;C:\Program Files\JetBrains\IntelliJ IDEA 2022.1\bin;
USERNAME=swchu
OS=Windows_NT
PROCESSOR_IDENTIFIER=Intel64 Family 6 Model 140 Stepping 1, GenuineIntel



---------------  S Y S T E M  ---------------

OS: Windows 10 , 64 bit Build 19041 (10.0.19041.1645)

CPU:total 8 (initial active 8) (4 cores per cpu, 2 threads per core) family 6 model 140 stepping 1, cmov, cx8, fxsr, mmx, sse, sse2, sse3, ssse3, sse4.1, sse4.2, popcnt, avx, avx2, aes, clmul, erms, 3dnowpref, lzcnt, ht, tsc, tscinvbit, bmi1, bmi2, adx, sha, fma

Memory: 4k page, physical 16494776k(6365900k free), swap 33271992k(20064752k free)

vm_info: Java HotSpot(TM) 64-Bit Server VM (9.0.4+11) for windows-amd64 JRE (9.0.4+11), built on Dec 20 2017 02:18:54 by "mach5one" with MS VC++ 12.0 (VS2013)

END.
